1732207887905:hi
1732207890604:exit
1732207901780:tom
1732207906143:what?
1732207908612:exit
1732208618366:help
1732208657370:version
1732208672278:info
1732208676606:exit
1732209120506:info
1732209129759:clear
1732209131626:exit
1732212734118:/version
1732212736047:version
1732213384438:exit
1732294499217:help
1732294502199:info
1732294506412:clear
1732294509391:list
1732295567913:exit
1732321715797:help
1732321728577:run OldDay1 PartA
1732321751758:run asfddsaf PartC
1732321811574:run OldDay1 PartA
1732323091837:run OldDay1 PartB
1732323099996:run OldDay1 PartC
1732323106229:run asfadsf PartA
1732323331228:list
1732323333385:l
1732323340390:r OldDay1 PartA
1732323342980:exit
1733057635996:l
1733057649117:r Day1 PartA
1733057655287:r Day2 PartB
1733057661953:r Day1 PartA
1733057669156:r Day1 PartB
1733057673577:exit
1733154318790:l
1733154327892:r Day1 PartA
1733154332571:r Day1 PartB
1733154339095:r Day2 PartA
1733154344404:r Day2 PartB
1733154350962:r OldDay1 PartA
1733154356818:r OldDay1 PartB
1733154360097:exit
1733154691645:r OldDay1 PartA
1733154693875:exit
1733240065534:l
1733240076607:r Day3 PartA
1733240082037:r Day3 PartB
1733240084390:exit
1733327722891:l
1733327731012:r Day4 PartA
1733327747855:r Day4 PartB
1733327751213:exit
1733585423763:l
1733585434233:r Day5 PartA
1733585439586:r Day5 PartB
1733585444685:r Day6 PartA
1733585451091:r Day7 PartB
1733585470592:r Day7 PartA
1733585476861:r Day6 PartB
1733585508108:exit
1733867812708:l
1733867894242:exit
1733867987994:l
1733868112811:exit
1733868123671:l
1733868165284:exit
1733868179513:l
1733868204473:exit
1733944228918:l
1733944246428:r Day9 PartA
1733944251709:r Day9 PartB
1733944257413:r Day10 PartA
1733944263649:r Day10 PartB
1733944268680:r Day11 PartA
1733944273859:r Day11 PartB
1733944277841:exit
1734620282745:l
1734620302361:r Day16 PartA
1734620315812:r Day17 PartB
1734620320077:exit
1734635759623:l
1734635766841:r Day19 PartA
1734635772765:r Day19 PartB
1734635775410:exit
1736116881715:l
1736116923783:r Day23 PartA
1736116929419:r Day23 PartB
1736116938363:r Day15 PartA
1736116950181:r Day15 PartB
1736116956027:exit
1764555907963:/h
1764555914469:help
1764555923248:list
1764555958994:info
1764556115223:list
1764556123778:r OldDay1 PartA
1764556132719:r OldDay1 PartB
1764556135097:q
1764556138041:quit
1764600939239:list
1764600946798:r Day1 PartA
1764600953407:r Day1 PartB
1764600955445:q
1764600957569:exit
